2023-06-20 06:22:23,029 - RPESChickens - INFO - No entries to be deleted.
2023-06-20 06:22:23,037 - RPESChickens - INFO - No entries to be inserted.
2023-06-20 06:22:23,042 - RPESChickens - INFO - No entries to be updated.
2023-06-21 07:37:17,979 - RPESChickens - INFO - No entries to be deleted.
2023-06-21 07:37:17,985 - RPESChickens - INFO - Inserting entries...
2023-06-21 07:37:17,986 - RPESChickens - INFO - * 2023-07-01 00:00:00: Clare Fifield
2023-06-21 07:38:13,237 - RPESChickens - INFO - No entries to be deleted.
2023-06-21 07:38:13,240 - RPESChickens - INFO - Inserting entries...
2023-06-21 07:38:13,248 - RPESChickens - INFO - * 2023-07-01 00:00:00: Clare Fifield
2023-06-21 07:38:14,134 - RPESChickens - INFO - * 2023-07-09 00:00:00: Clare Fifield
2023-06-21 07:38:15,008 - RPESChickens - INFO - No entries to be updated.
2023-06-22 08:52:07,367 - RPESChickens - INFO - No entries to be deleted.
2023-06-22 08:52:07,373 - RPESChickens - INFO - Inserting entries...
2023-06-22 08:52:07,374 - RPESChickens - INFO - * 2023-07-03 00:00:00: Stefanie Thompson-Hagiwara
2023-06-22 08:52:07,952 - RPESChickens - INFO - No entries to be updated.
2023-06-23 07:09:35,541 - RPESChickens - INFO - No entries to be deleted.
2023-06-23 07:09:35,545 - RPESChickens - INFO - No entries to be inserted.
2023-06-23 07:09:35,549 - RPESChickens - INFO - No entries to be updated.
2023-06-24 10:40:34,355 - RPESChickens - INFO - No entries to be deleted.
2023-06-24 10:40:34,359 - RPESChickens - INFO - No entries to be inserted.
2023-06-24 10:40:34,362 - RPESChickens - INFO - No entries to be updated.
2023-06-25 11:52:14,508 - RPESChickens - INFO - No entries to be deleted.
2023-06-25 11:52:14,517 - RPESChickens - INFO - No entries to be inserted.
2023-06-25 11:52:14,521 - RPESChickens - INFO - No entries to be updated.
2023-06-26 10:59:23,103 - RPESChickens - INFO - No entries to be deleted.
2023-06-26 10:59:23,107 - RPESChickens - INFO - No entries to be inserted.
2023-06-26 10:59:23,109 - RPESChickens - INFO - No entries to be updated.
2023-06-27 09:48:06,938 - RPESChickens - INFO - No entries to be deleted.
2023-06-27 09:48:06,942 - RPESChickens - INFO - No entries to be inserted.
2023-06-27 09:48:06,945 - RPESChickens - INFO - No entries to be updated.
2023-06-28 09:40:22,030 - RPESChickens - INFO - No entries to be deleted.
2023-06-28 09:40:22,034 - RPESChickens - INFO - No entries to be inserted.
2023-06-28 09:40:22,036 - RPESChickens - INFO - No entries to be updated.
2023-06-29 07:32:59,849 - RPESChickens - INFO - No entries to be deleted.
2023-06-29 07:32:59,849 - RPESChickens - INFO - No entries to be inserted.
2023-06-29 07:32:59,865 - RPESChickens - INFO - No entries to be updated.
2023-07-01 17:31:25,630 - RPESChickens - INFO - No entries to be deleted.
2023-07-01 17:31:25,635 - RPESChickens - INFO - No entries to be inserted.
2023-07-01 17:31:25,636 - RPESChickens - INFO - No entries to be updated.
2023-07-02 08:14:54,232 - RPESChickens - INFO - No entries to be deleted.
2023-07-02 08:14:54,232 - RPESChickens - INFO - No entries to be inserted.
2023-07-02 08:14:54,232 - RPESChickens - INFO - No entries to be updated.
2023-07-02 08:26:40,581 - RPESChickens - INFO - No entries to be deleted.
2023-07-02 08:26:40,593 - RPESChickens - INFO - No entries to be inserted.
2023-07-02 08:26:40,606 - RPESChickens - INFO - No entries to be updated.
2023-07-17 07:49:57,018 - RPESChickens - INFO - No entries to be deleted.
2023-07-17 07:49:57,027 - RPESChickens - INFO - Inserting entries...
2023-07-17 07:49:57,029 - RPESChickens - INFO - * 2023-07-18 00:00:00: Stefanie Thompson-Hagiwara
2023-07-17 07:49:58,036 - RPESChickens - INFO - * 2023-07-27 00:00:00: Stefanie Thompson-Hagiwara
2023-07-17 07:49:58,843 - RPESChickens - INFO - * 2023-07-16 00:00:00: Brian Purchia
2023-07-17 07:49:59,809 - RPESChickens - INFO - * 2023-08-06 00:00:00: Kristine Hobe
2023-07-17 07:50:00,610 - RPESChickens - INFO - * 2023-07-14 00:00:00: Kristine Hobe
2023-07-17 07:50:01,620 - RPESChickens - INFO - * 2023-07-15 00:00:00: Kristine Hobe
2023-07-17 07:50:02,407 - RPESChickens - INFO - * 2023-07-28 00:00:00: Kristine Hobe
2023-07-17 07:50:03,405 - RPESChickens - INFO - * 2023-08-05 00:00:00: Kristine Hobe
2023-07-17 07:50:04,401 - RPESChickens - INFO - * 2023-07-21 00:00:00: Kristine Hobe
2023-07-17 07:50:05,363 - RPESChickens - INFO - * 2023-07-08 00:00:00: Kristine Hobe
2023-07-17 07:50:06,362 - RPESChickens - INFO - * 2023-07-23 00:00:00: Grace Woo
2023-07-17 07:50:07,120 - RPESChickens - INFO - * 2023-07-31 00:00:00: Kristine Hobe
2023-07-17 07:50:08,295 - RPESChickens - INFO - * 2023-08-04 00:00:00: Kristine Hobe
2023-07-17 07:50:09,283 - RPESChickens - INFO - * 2023-07-17 00:00:00: Kristine Hobe
2023-07-17 07:50:10,275 - RPESChickens - INFO - * 2023-07-24 00:00:00: Kristine Hobe
2023-07-17 07:50:11,231 - RPESChickens - INFO - * 2023-07-29 00:00:00: Grace Woo
2023-07-17 07:50:11,981 - RPESChickens - INFO - No entries to be updated.
2023-07-18 04:22:44,099 - RPESChickens - INFO - No entries to be deleted.
2023-07-18 04:22:44,106 - RPESChickens - INFO - No entries to be inserted.
2023-07-18 04:22:44,109 - RPESChickens - INFO - No entries to be updated.
2023-07-20 02:32:40,678 - RPESChickens - INFO - No entries to be deleted.
2023-07-20 02:32:40,683 - RPESChickens - INFO - No entries to be inserted.
2023-07-20 02:32:40,686 - RPESChickens - INFO - No entries to be updated.
2023-07-20 03:30:16,631 - RPESChickens - INFO - No entries to be deleted.
2023-07-20 03:30:16,639 - RPESChickens - INFO - No entries to be inserted.
2023-07-20 03:30:16,643 - RPESChickens - INFO - No entries to be updated.
2023-07-24 22:28:37,761 - RPESChickens - INFO - No entries to be deleted.
2023-07-24 22:28:37,768 - RPESChickens - INFO - Inserting entries...
2023-07-24 22:28:37,772 - RPESChickens - INFO - * 2023-08-01 00:00:00: Micah Rice
2023-07-24 22:28:38,632 - RPESChickens - INFO - * 2023-07-30 00:00:00: Micah Rice
2023-07-24 22:28:39,469 - RPESChickens - INFO - * 2023-07-25 00:00:00: Micah Rice
2023-07-24 22:28:40,311 - RPESChickens - INFO - * 2023-07-22 00:00:00: Micah Rice
2023-07-24 22:28:41,127 - RPESChickens - INFO - No entries to be updated.
2023-07-25 06:33:21,063 - RPESChickens - INFO - No entries to be deleted.
2023-07-25 06:33:21,068 - RPESChickens - INFO - No entries to be inserted.
2023-07-25 06:33:21,072 - RPESChickens - INFO - No entries to be updated.
2023-07-26 09:38:03,250 - RPESChickens - INFO - No entries to be deleted.
2023-07-26 09:38:03,254 - RPESChickens - INFO - No entries to be inserted.
2023-07-26 09:38:03,257 - RPESChickens - INFO - No entries to be updated.
2023-07-27 03:38:02,740 - RPESChickens - INFO - No entries to be deleted.
2023-07-27 03:38:02,745 - RPESChickens - INFO - No entries to be inserted.
2023-07-27 03:38:02,747 - RPESChickens - INFO - No entries to be updated.
2023-07-28 03:30:24,806 - RPESChickens - INFO - No entries to be deleted.
2023-07-28 03:30:24,817 - RPESChickens - INFO - No entries to be inserted.
2023-07-28 03:30:24,825 - RPESChickens - INFO - No entries to be updated.
2023-07-29 03:30:18,786 - RPESChickens - INFO - No entries to be deleted.
2023-07-29 03:30:18,794 - RPESChickens - INFO - No entries to be inserted.
2023-07-29 03:30:18,801 - RPESChickens - INFO - No entries to be updated.
2023-07-30 03:30:18,872 - RPESChickens - INFO - No entries to be deleted.
2023-07-30 03:30:18,883 - RPESChickens - INFO - No entries to be inserted.
2023-07-30 03:30:18,886 - RPESChickens - INFO - No entries to be updated.
2023-07-31 03:30:17,159 - RPESChickens - INFO - No entries to be deleted.
2023-07-31 03:30:17,163 - RPESChickens - INFO - No entries to be inserted.
2023-07-31 03:30:17,165 - RPESChickens - INFO - No entries to be updated.
2023-08-01 03:30:19,571 - RPESChickens - INFO - No entries to be deleted.
2023-08-01 03:30:19,576 - RPESChickens - INFO - No entries to be inserted.
2023-08-01 03:30:19,579 - RPESChickens - INFO - No entries to be updated.
2023-08-02 03:30:12,495 - RPESChickens - INFO - No entries to be deleted.
2023-08-02 03:30:12,504 - RPESChickens - INFO - No entries to be inserted.
2023-08-02 03:30:12,512 - RPESChickens - INFO - No entries to be updated.
2023-08-03 03:30:19,610 - RPESChickens - INFO - No entries to be deleted.
2023-08-03 03:30:19,618 - RPESChickens - INFO - No entries to be inserted.
2023-08-03 03:30:19,622 - RPESChickens - INFO - No entries to be updated.
2023-08-04 06:41:46,908 - RPESChickens - INFO - Deleting entries...
2023-08-04 06:41:46,912 - RPESChickens - INFO - * 2023-07-31 00:00:00: Kristine Hobe
2023-08-04 06:41:47,497 - RPESChickens - INFO - No entries to be inserted.
2023-08-04 06:41:47,500 - RPESChickens - INFO - No entries to be updated.
2023-08-05 03:30:17,663 - RPESChickens - INFO - No entries to be deleted.
2023-08-05 03:30:17,668 - RPESChickens - INFO - No entries to be inserted.
2023-08-05 03:30:17,671 - RPESChickens - INFO - No entries to be updated.
2023-08-06 03:30:21,395 - RPESChickens - INFO - No entries to be deleted.
2023-08-06 03:30:21,403 - RPESChickens - INFO - No entries to be inserted.
2023-08-06 03:30:21,406 - RPESChickens - INFO - No entries to be updated.
2023-08-06 21:41:36,222 - RPESChickens - INFO - No entries to be deleted.
2023-08-06 21:41:36,232 - RPESChickens - INFO - Inserting entries...
2023-08-06 21:41:36,237 - RPESChickens - INFO - * 2023-08-14 00:00:00: Grace Woo
2023-08-06 21:41:37,190 - RPESChickens - INFO - * 2023-08-16 00:00:00: Grace Woo
2023-08-06 21:41:38,217 - RPESChickens - INFO - * 2023-08-18 00:00:00: Grace Woo
2023-08-06 21:41:39,287 - RPESChickens - INFO - No entries to be updated.
2023-08-07 03:30:16,846 - RPESChickens - INFO - No entries to be deleted.
2023-08-07 03:30:16,855 - RPESChickens - INFO - Inserting entries...
2023-08-07 03:30:16,858 - RPESChickens - INFO - * 2023-08-07 00:00:00: Kyle Woodward
2023-08-07 03:30:18,105 - RPESChickens - INFO - No entries to be updated.
2023-08-08 03:30:14,274 - RPESChickens - INFO - No entries to be deleted.
2023-08-08 03:30:14,297 - RPESChickens - INFO - Inserting entries...
2023-08-08 03:30:14,301 - RPESChickens - INFO - * 2023-08-08 00:00:00: mie yaginuma
2023-08-08 03:30:15,144 - RPESChickens - INFO - * 2023-08-09 00:00:00: Brian Purchia
2023-08-08 03:30:16,078 - RPESChickens - INFO - * 2023-08-11 00:00:00: Brian Purchia
2023-08-08 03:30:17,034 - RPESChickens - INFO - * 2023-08-20 00:00:00: mie yaginuma
2023-08-08 03:30:17,903 - RPESChickens - INFO - * 2023-08-10 00:00:00: mie yaginuma
2023-08-08 03:30:18,973 - RPESChickens - INFO - No entries to be updated.
2023-08-09 03:30:18,208 - RPESChickens - INFO - No entries to be deleted.
2023-08-09 03:30:18,214 - RPESChickens - INFO - No entries to be inserted.
2023-08-09 03:30:18,219 - RPESChickens - INFO - No entries to be updated.
2023-08-10 03:30:20,501 - RPESChickens - INFO - No entries to be deleted.
2023-08-10 03:30:20,509 - RPESChickens - INFO - No entries to be inserted.
2023-08-10 03:30:20,516 - RPESChickens - INFO - No entries to be updated.
2023-08-11 03:30:20,767 - RPESChickens - INFO - No entries to be deleted.
2023-08-11 03:30:20,775 - RPESChickens - INFO - No entries to be inserted.
2023-08-11 03:30:20,782 - RPESChickens - INFO - No entries to be updated.
2023-08-12 03:30:17,699 - RPESChickens - INFO - No entries to be deleted.
2023-08-12 03:30:17,708 - RPESChickens - INFO - No entries to be inserted.
2023-08-12 03:30:17,714 - RPESChickens - INFO - No entries to be updated.
2023-08-13 03:30:16,844 - RPESChickens - INFO - No entries to be deleted.
2023-08-13 03:30:16,852 - RPESChickens - INFO - No entries to be inserted.
2023-08-13 03:30:16,857 - RPESChickens - INFO - No entries to be updated.
2023-08-13 15:11:52,867 - RPESChickens - INFO - No entries to be deleted.
2023-08-13 15:11:52,892 - RPESChickens - INFO - Inserting entries...
2023-08-13 15:11:52,896 - RPESChickens - INFO - * 2023-08-13 00:00:00: Micah Rice
2023-08-13 15:11:54,061 - RPESChickens - INFO - * 2023-08-17 00:00:00: Kyle Woodward
2023-08-13 15:11:54,930 - RPESChickens - INFO - * 2023-08-15 00:00:00: Micah Rice
2023-08-13 15:11:55,746 - RPESChickens - INFO - No entries to be updated.
2023-08-14 00:12:54,070 - RPESChickens - INFO - No entries to be deleted.
2023-08-14 00:12:54,070 - RPESChickens - INFO - No entries to be deleted.
2023-08-14 00:12:54,076 - RPESChickens - INFO - No entries to be inserted.
2023-08-14 00:12:54,076 - RPESChickens - INFO - No entries to be inserted.
2023-08-14 00:12:54,083 - RPESChickens - INFO - No entries to be updated.
2023-08-14 00:12:54,083 - RPESChickens - INFO - No entries to be updated.
2023-08-14 03:30:24,049 - RPESChickens - INFO - No entries to be deleted.
2023-08-14 03:30:24,055 - RPESChickens - INFO - No entries to be inserted.
2023-08-14 03:30:24,060 - RPESChickens - INFO - No entries to be updated.
2023-08-15 03:30:18,428 - RPESChickens - INFO - No entries to be deleted.
2023-08-15 03:30:18,435 - RPESChickens - INFO - Inserting entries...
2023-08-15 03:30:18,438 - RPESChickens - INFO - * 2023-08-19 00:00:00: Kristine Hobe
2023-08-15 03:30:19,317 - RPESChickens - INFO - * 2023-08-21 00:00:00: Kristine Hobe
2023-08-15 03:30:20,154 - RPESChickens - INFO - * 2023-08-23 00:00:00: Stefanie Thompson-Hagiwara
2023-08-15 03:30:21,181 - RPESChickens - INFO - No entries to be updated.
2023-08-16 03:30:24,987 - RPESChickens - INFO - No entries to be deleted.
2023-08-16 03:30:24,993 - RPESChickens - INFO - No entries to be inserted.
2023-08-16 03:30:24,998 - RPESChickens - INFO - No entries to be updated.
2023-08-17 03:30:18,450 - RPESChickens - INFO - No entries to be deleted.
2023-08-17 03:30:18,455 - RPESChickens - INFO - Inserting entries...
2023-08-17 03:30:18,458 - RPESChickens - INFO - * 2023-08-27 00:00:00: Sarah Shectman
2023-08-17 03:30:19,553 - RPESChickens - INFO - * 2023-08-22 00:00:00: Sarah Shectman
2023-08-17 03:30:20,557 - RPESChickens - INFO - * 2023-08-29 00:00:00: Sarah Shectman
2023-08-17 03:30:21,384 - RPESChickens - INFO - No entries to be updated.
2023-08-18 03:30:18,337 - RPESChickens - INFO - No entries to be deleted.
2023-08-18 03:30:18,346 - RPESChickens - INFO - Inserting entries...
2023-08-18 03:30:18,350 - RPESChickens - INFO - * 2023-08-28 00:00:00: Micah Rice
2023-08-18 03:30:18,795 - RPESChickens - INFO - No entries to be deleted.
2023-08-18 03:30:18,804 - RPESChickens - INFO - Inserting entries...
2023-08-18 03:30:18,806 - RPESChickens - INFO - * 2023-08-28 00:00:00: Micah Rice
2023-08-18 03:30:19,285 - RPESChickens - INFO - * 2023-08-24 00:00:00: Micah Rice
2023-08-18 03:30:19,588 - RPESChickens - INFO - * 2023-08-24 00:00:00: Micah Rice
2023-08-18 03:30:20,213 - RPESChickens - INFO - * 2023-08-26 00:00:00: Brian Purchia
2023-08-18 03:30:20,520 - RPESChickens - INFO - * 2023-08-26 00:00:00: Brian Purchia
2023-08-18 03:30:20,994 - RPESChickens - INFO - No entries to be updated.
2023-08-18 03:30:21,605 - RPESChickens - INFO - No entries to be updated.
2023-08-18 22:37:58,888 - RPESChickens - INFO - No entries to be deleted.
2023-08-18 22:37:58,894 - RPESChickens - INFO - No entries to be inserted.
2023-08-18 22:37:58,898 - RPESChickens - INFO - No entries to be updated.
2023-08-21 23:07:31,587 - RPESChickens - INFO - No entries to be deleted.
2023-08-21 23:07:31,591 - RPESChickens - INFO - Inserting entries...
2023-08-21 23:07:31,595 - RPESChickens - INFO - * 2023-10-15 00:00:00: Brian Purchia
2023-08-21 23:07:32,430 - RPESChickens - INFO - * 2023-10-08 00:00:00: Brian Purchia
2023-08-21 23:07:33,454 - RPESChickens - INFO - * 2023-10-22 00:00:00: Brian Purchia
2023-08-21 23:07:34,479 - RPESChickens - INFO - * 2023-10-29 00:00:00: Brian Purchia
2023-08-21 23:07:35,498 - RPESChickens - INFO - No entries to be updated.
2023-08-21 23:09:36,447 - RPESChickens - INFO - No entries to be deleted.
2023-08-21 23:09:36,451 - RPESChickens - INFO - No entries to be inserted.
2023-08-21 23:09:36,456 - RPESChickens - INFO - No entries to be updated.
2023-08-23 22:19:09,110 - RPESChickens - INFO - No entries to be deleted.
2023-08-23 22:19:09,110 - RPESChickens - INFO - No entries to be deleted.
2023-08-23 22:19:09,110 - RPESChickens - INFO - No entries to be deleted.
2023-08-23 22:19:09,117 - RPESChickens - INFO - No entries to be inserted.
2023-08-23 22:19:09,117 - RPESChickens - INFO - No entries to be inserted.
2023-08-23 22:19:09,117 - RPESChickens - INFO - No entries to be inserted.
2023-08-23 22:19:09,120 - RPESChickens - INFO - No entries to be updated.
2023-08-23 22:19:09,120 - RPESChickens - INFO - No entries to be updated.
2023-08-23 22:19:09,120 - RPESChickens - INFO - No entries to be updated.
2023-08-23 22:19:49,771 - RPESChickens - INFO - No entries to be deleted.
2023-08-23 22:19:49,771 - RPESChickens - INFO - No entries to be deleted.
2023-08-23 22:19:49,771 - RPESChickens - INFO - No entries to be deleted.
2023-08-23 22:19:49,775 - RPESChickens - INFO - No entries to be inserted.
2023-08-23 22:19:49,775 - RPESChickens - INFO - No entries to be inserted.
2023-08-23 22:19:49,775 - RPESChickens - INFO - No entries to be inserted.
2023-08-23 22:19:49,781 - RPESChickens - INFO - No entries to be updated.
2023-08-23 22:19:49,781 - RPESChickens - INFO - No entries to be updated.
2023-08-23 22:19:49,781 - RPESChickens - INFO - No entries to be updated.
2023-08-23 22:20:09,095 - RPESChickens - INFO - No entries to be deleted.
2023-08-23 22:20:09,095 - RPESChickens - INFO - No entries to be deleted.
2023-08-23 22:20:09,095 - RPESChickens - INFO - No entries to be deleted.
2023-08-23 22:20:09,095 - RPESChickens - INFO - No entries to be deleted.
2023-08-23 22:20:09,104 - RPESChickens - INFO - No entries to be inserted.
2023-08-23 22:20:09,104 - RPESChickens - INFO - No entries to be inserted.
2023-08-23 22:20:09,104 - RPESChickens - INFO - No entries to be inserted.
2023-08-23 22:20:09,104 - RPESChickens - INFO - No entries to be inserted.
2023-08-23 22:20:09,114 - RPESChickens - INFO - No entries to be updated.
2023-08-23 22:20:09,114 - RPESChickens - INFO - No entries to be updated.
2023-08-23 22:20:09,114 - RPESChickens - INFO - No entries to be updated.
2023-08-23 22:20:09,114 - RPESChickens - INFO - No entries to be updated.
2023-08-23 22:20:14,811 - RPESChickens - INFO - No entries to be deleted.
2023-08-23 22:20:14,811 - RPESChickens - INFO - No entries to be deleted.
2023-08-23 22:20:14,811 - RPESChickens - INFO - No entries to be deleted.
2023-08-23 22:20:14,811 - RPESChickens - INFO - No entries to be deleted.
2023-08-23 22:20:14,819 - RPESChickens - INFO - No entries to be inserted.
2023-08-23 22:20:14,819 - RPESChickens - INFO - No entries to be inserted.
2023-08-23 22:20:14,819 - RPESChickens - INFO - No entries to be inserted.
2023-08-23 22:20:14,819 - RPESChickens - INFO - No entries to be inserted.
2023-08-23 22:20:14,824 - RPESChickens - INFO - No entries to be updated.
2023-08-23 22:20:14,824 - RPESChickens - INFO - No entries to be updated.
2023-08-23 22:20:14,824 - RPESChickens - INFO - No entries to be updated.
2023-08-23 22:20:14,824 - RPESChickens - INFO - No entries to be updated.
2023-08-23 22:20:34,017 - RPESChickens - INFO - No entries to be deleted.
2023-08-23 22:20:34,017 - RPESChickens - INFO - No entries to be inserted.
2023-08-23 22:20:34,031 - RPESChickens - INFO - No entries to be updated.
2023-08-27 21:47:47,505 - RPESChickens - INFO - No entries to be deleted.
2023-08-27 21:47:47,520 - RPESChickens - INFO - No entries to be inserted.
2023-08-27 21:47:47,523 - RPESChickens - INFO - No entries to be updated.
2023-08-27 21:48:48,915 - RPESChickens - INFO - No entries to be deleted.
2023-08-27 21:48:48,919 - RPESChickens - INFO - No entries to be inserted.
2023-08-27 21:48:48,922 - RPESChickens - INFO - No entries to be updated.
2023-08-28 05:26:46,052 - RPESChickens - INFO - No entries to be deleted.
2023-08-28 05:26:46,064 - RPESChickens - INFO - Inserting entries...
2023-08-28 05:26:46,070 - RPESChickens - INFO - * 2023-08-31 00:00:00: Kyle Woodward
2023-08-28 05:26:46,625 - RPESChickens - INFO - No entries to be updated.
2023-08-31 06:37:10,158 - RPESChickens - INFO - No entries to be deleted.
2023-08-31 06:37:10,164 - RPESChickens - INFO - Inserting entries...
2023-08-31 06:37:10,166 - RPESChickens - INFO - * 2023-09-05 00:00:00: Sarah Shectman
2023-08-31 06:37:10,834 - RPESChickens - INFO - * 2023-10-01 00:00:00: Sarah Shectman
2023-08-31 06:37:11,452 - RPESChickens - INFO - * 2023-09-10 00:00:00: Brian Purchia
2023-08-31 06:37:11,967 - RPESChickens - INFO - * 2023-10-17 00:00:00: Sarah Shectman
2023-08-31 06:37:12,710 - RPESChickens - INFO - * 2023-10-24 00:00:00: Sarah Shectman
2023-08-31 06:37:13,435 - RPESChickens - INFO - * 2023-09-17 00:00:00: Sarah Shectman
2023-08-31 06:37:13,953 - RPESChickens - INFO - * 2023-09-16 00:00:00: Brian Purchia
2023-08-31 06:37:14,560 - RPESChickens - INFO - * 2023-10-10 00:00:00: Sarah Shectman
2023-08-31 06:37:15,141 - RPESChickens - INFO - * 2023-09-03 00:00:00: Sarah Shectman
2023-08-31 06:37:15,843 - RPESChickens - INFO - * 2023-09-26 00:00:00: Sarah Shectman
2023-08-31 06:37:16,480 - RPESChickens - INFO - * 2023-10-03 00:00:00: Sarah Shectman
2023-08-31 06:37:17,026 - RPESChickens - INFO - * 2023-10-31 00:00:00: Sarah Shectman
2023-08-31 06:37:17,767 - RPESChickens - INFO - * 2023-09-19 00:00:00: Sarah Shectman
2023-08-31 06:37:18,296 - RPESChickens - INFO - * 2023-09-12 00:00:00: Sarah Shectman
2023-08-31 06:37:19,054 - RPESChickens - INFO - * 2023-09-02 00:00:00: Brian Purchia
2023-08-31 06:37:19,726 - RPESChickens - INFO - No entries to be updated.
2023-09-01 06:09:21,835 - RPESChickens - INFO - No entries to be deleted.
2023-09-01 06:09:21,839 - RPESChickens - INFO - No entries to be inserted.
2023-09-01 06:09:21,841 - RPESChickens - INFO - No entries to be updated.
2023-09-03 09:30:34,338 - RPESChickens - INFO - No entries to be deleted.
2023-09-03 09:30:34,342 - RPESChickens - INFO - Inserting entries...
2023-09-03 09:30:34,343 - RPESChickens - INFO - * 2023-09-22 00:00:00: Kristine Hobe
2023-09-03 09:30:34,930 - RPESChickens - INFO - * 2023-09-08 00:00:00: Kristine Hobe
2023-09-03 09:30:35,655 - RPESChickens - INFO - * 2023-09-15 00:00:00: Kristine Hobe
2023-09-03 09:30:36,314 - RPESChickens - INFO - * 2023-09-24 00:00:00: Kristine Hobe
2023-09-03 09:30:36,904 - RPESChickens - INFO - * 2023-09-11 00:00:00: Kristine Hobe
2023-09-03 09:30:37,584 - RPESChickens - INFO - * 2023-09-09 00:00:00: Kristine Hobe
2023-09-03 09:30:38,203 - RPESChickens - INFO - * 2023-09-04 00:00:00: Kristine Hobe
2023-09-03 09:30:38,850 - RPESChickens - INFO - * 2023-09-18 00:00:00: Kristine Hobe
2023-09-03 09:30:39,853 - RPESChickens - INFO - * 2023-09-25 00:00:00: Kristine Hobe
2023-09-03 09:30:40,660 - RPESChickens - INFO - No entries to be updated.
2023-09-04 09:36:01,510 - RPESChickens - INFO - No entries to be deleted.
2023-09-04 09:36:01,514 - RPESChickens - INFO - No entries to be inserted.
2023-09-04 09:36:01,517 - RPESChickens - INFO - No entries to be updated.
2023-09-05 10:40:52,438 - RPESChickens - INFO - No entries to be deleted.
2023-09-05 10:40:52,445 - RPESChickens - INFO - No entries to be inserted.
2023-09-05 10:40:52,449 - RPESChickens - INFO - No entries to be updated.
2023-09-06 11:32:58,913 - RPESChickens - INFO - No entries to be deleted.
2023-09-06 11:32:58,919 - RPESChickens - INFO - No entries to be inserted.
2023-09-06 11:32:58,923 - RPESChickens - INFO - No entries to be updated.
2023-09-07 09:19:17,229 - RPESChickens - INFO - No entries to be deleted.
2023-09-07 09:19:17,238 - RPESChickens - INFO - Inserting entries...
2023-09-07 09:19:17,240 - RPESChickens - INFO - * 2023-09-14 00:00:00: Sarah Shectman
2023-09-07 09:19:17,772 - RPESChickens - INFO - * 2023-09-21 00:00:00: Sarah Shectman
2023-09-07 09:19:18,425 - RPESChickens - INFO - * 2023-09-28 00:00:00: Sarah Shectman
2023-09-07 09:19:19,078 - RPESChickens - INFO - * 2023-09-07 00:00:00: Sarah Shectman
2023-09-07 09:19:19,523 - RPESChickens - INFO - No entries to be updated.
2023-09-08 09:44:45,900 - RPESChickens - INFO - No entries to be deleted.
2023-09-08 09:44:45,911 - RPESChickens - INFO - Inserting entries...
2023-09-08 09:44:45,914 - RPESChickens - INFO - * 2023-09-13 00:00:00: Micah Rice
2023-09-08 09:44:46,637 - RPESChickens - INFO - * 2023-09-23 00:00:00: Micah Rice
2023-09-08 09:44:47,165 - RPESChickens - INFO - * 2023-09-20 00:00:00: Micah Rice
2023-09-08 09:44:47,740 - RPESChickens - INFO - No entries to be updated.
2023-09-09 07:12:44,983 - RPESChickens - INFO - No entries to be deleted.
2023-09-09 07:12:44,988 - RPESChickens - INFO - No entries to be inserted.
2023-09-09 07:12:44,992 - RPESChickens - INFO - No entries to be updated.
2023-09-10 05:41:20,801 - RPESChickens - INFO - No entries to be deleted.
2023-09-10 05:41:20,807 - RPESChickens - INFO - No entries to be inserted.
2023-09-10 05:41:20,812 - RPESChickens - INFO - No entries to be updated.
2023-09-13 08:54:51,711 - RPESChickens - INFO - No entries to be deleted.
2023-09-13 08:54:51,717 - RPESChickens - INFO - Inserting entries...
2023-09-13 08:54:51,720 - RPESChickens - INFO - * 2023-10-05 00:00:00: Micah Rice
2023-09-13 08:54:52,386 - RPESChickens - INFO - * 2023-10-04 00:00:00: Micah Rice
2023-09-13 08:54:52,921 - RPESChickens - INFO - * 2023-10-11 00:00:00: Micah Rice
2023-09-13 08:54:53,528 - RPESChickens - INFO - No entries to be updated.
2023-09-14 09:01:22,865 - RPESChickens - INFO - No entries to be deleted.
2023-09-14 09:01:22,872 - RPESChickens - INFO - No entries to be inserted.
2023-09-14 09:01:22,876 - RPESChickens - INFO - No entries to be updated.
2023-09-15 09:59:27,023 - RPESChickens - INFO - No entries to be deleted.
2023-09-15 09:59:27,035 - RPESChickens - INFO - No entries to be inserted.
2023-09-15 09:59:27,035 - RPESChickens - INFO - No entries to be updated.
2023-09-16 07:21:28,510 - RPESChickens - INFO - No entries to be deleted.
2023-09-16 07:21:28,522 - RPESChickens - INFO - No entries to be inserted.
2023-09-16 07:21:28,525 - RPESChickens - INFO - No entries to be updated.
2023-09-17 09:51:09,027 - RPESChickens - INFO - No entries to be deleted.
2023-09-17 09:51:09,034 - RPESChickens - INFO - Inserting entries...
2023-09-17 09:51:09,034 - RPESChickens - INFO - * 2023-09-29 00:00:00: Micah Rice
2023-09-17 09:51:09,783 - RPESChickens - INFO - * 2023-09-30 00:00:00: Micah Rice
2023-09-17 09:51:10,400 - RPESChickens - INFO - * 2023-10-12 00:00:00: Micah Rice
2023-09-17 09:51:11,172 - RPESChickens - INFO - No entries to be updated.
2023-09-18 09:46:54,669 - RPESChickens - INFO - No entries to be deleted.
2023-09-18 09:46:54,682 - RPESChickens - INFO - Inserting entries...
2023-09-18 09:46:54,682 - RPESChickens - INFO - * 2023-09-27 00:00:00: Kyle Woodward
2023-09-18 09:46:55,283 - RPESChickens - INFO - No entries to be updated.
2023-09-19 06:49:39,172 - RPESChickens - INFO - No entries to be deleted.
2023-09-19 06:49:39,182 - RPESChickens - INFO - No entries to be inserted.
2023-09-19 06:49:39,186 - RPESChickens - INFO - No entries to be updated.
2023-09-20 20:38:56,789 - RPESChickens - INFO - No entries to be deleted.
2023-09-20 20:38:56,789 - RPESChickens - INFO - No entries to be inserted.
2023-09-20 20:38:56,789 - RPESChickens - INFO - No entries to be updated.
2023-09-22 08:51:30,482 - RPESChickens - INFO - No entries to be deleted.
2023-09-22 08:51:30,482 - RPESChickens - INFO - Inserting entries...
2023-09-22 08:51:30,482 - RPESChickens - INFO - * 2023-10-02 00:00:00: Stefanie Thompson-Hagiwara
2023-09-22 08:51:31,226 - RPESChickens - INFO - No entries to be updated.
2023-09-23 06:55:35,950 - RPESChickens - INFO - No entries to be deleted.
2023-09-23 06:55:35,958 - RPESChickens - INFO - No entries to be inserted.
2023-09-23 06:55:35,963 - RPESChickens - INFO - No entries to be updated.
2023-09-24 09:30:29,063 - RPESChickens - INFO - No entries to be deleted.
2023-09-24 09:30:29,063 - RPESChickens - INFO - No entries to be inserted.
2023-09-24 09:30:29,075 - RPESChickens - INFO - No entries to be updated.
2023-09-25 09:46:06,207 - RPESChickens - INFO - No entries to be deleted.
2023-09-25 09:46:06,211 - RPESChickens - INFO - No entries to be inserted.
2023-09-25 09:46:06,213 - RPESChickens - INFO - No entries to be updated.
2023-09-27 21:48:38,760 - RPESChickens - INFO - No entries to be deleted.
2023-09-27 21:48:38,768 - RPESChickens - INFO - No entries to be inserted.
2023-09-27 21:48:38,776 - RPESChickens - INFO - No entries to be updated.
2023-09-29 10:13:24,304 - RPESChickens - INFO - No entries to be deleted.
2023-09-29 10:13:24,308 - RPESChickens - INFO - No entries to be inserted.
2023-09-29 10:13:24,311 - RPESChickens - INFO - No entries to be updated.
2023-09-30 09:17:46,889 - RPESChickens - INFO - No entries to be deleted.
2023-09-30 09:17:46,893 - RPESChickens - INFO - No entries to be inserted.
2023-09-30 09:17:46,896 - RPESChickens - INFO - No entries to be updated.
2023-10-01 11:13:53,980 - RPESChickens - INFO - No entries to be deleted.
2023-10-01 11:13:53,988 - RPESChickens - INFO - No entries to be inserted.
2023-10-01 11:13:53,996 - RPESChickens - INFO - No entries to be updated.
2023-10-02 11:09:48,346 - RPESChickens - INFO - No entries to be deleted.
2023-10-02 11:09:48,350 - RPESChickens - INFO - No entries to be inserted.
2023-10-02 11:09:48,353 - RPESChickens - INFO - No entries to be updated.
2023-10-03 06:50:16,251 - RPESChickens - INFO - No entries to be deleted.
2023-10-03 06:50:16,256 - RPESChickens - INFO - No entries to be inserted.
2023-10-03 06:50:16,259 - RPESChickens - INFO - No entries to be updated.
2023-10-04 10:03:11,257 - RPESChickens - INFO - No entries to be deleted.
2023-10-04 10:03:11,261 - RPESChickens - INFO - No entries to be inserted.
2023-10-04 10:03:11,263 - RPESChickens - INFO - No entries to be updated.
2023-10-05 10:40:56,031 - RPESChickens - INFO - No entries to be deleted.
2023-10-05 10:40:56,034 - RPESChickens - INFO - No entries to be inserted.
2023-10-05 10:40:56,036 - RPESChickens - INFO - No entries to be updated.
2023-10-06 09:54:51,820 - RPESChickens - INFO - No entries to be deleted.
2023-10-06 09:54:51,827 - RPESChickens - INFO - No entries to be inserted.
2023-10-06 09:54:51,827 - RPESChickens - INFO - No entries to be updated.
2023-10-07 10:01:42,947 - RPESChickens - INFO - No entries to be deleted.
2023-10-07 10:01:42,952 - RPESChickens - INFO - No entries to be inserted.
2023-10-07 10:01:42,952 - RPESChickens - INFO - No entries to be updated.
2023-10-08 09:58:17,670 - RPESChickens - INFO - Deleting entries...
2023-10-08 09:58:17,670 - RPESChickens - INFO - * 2023-09-30 00:00:00: Micah Rice
2023-10-08 09:58:18,176 - RPESChickens - INFO - No entries to be inserted.
2023-10-08 09:58:18,176 - RPESChickens - INFO - No entries to be updated.
2023-10-09 10:07:37,509 - RPESChickens - INFO - No entries to be deleted.
2023-10-09 10:07:37,519 - RPESChickens - INFO - Inserting entries...
2023-10-09 10:07:37,522 - RPESChickens - INFO - * 2023-10-09 00:00:00: Kyle Woodward
2023-10-09 10:07:38,170 - RPESChickens - INFO - * 2023-10-18 00:00:00: Grace Woo
2023-10-09 10:07:38,770 - RPESChickens - INFO - * 2023-10-20 00:00:00: Grace Woo
2023-10-09 10:07:39,488 - RPESChickens - INFO - * 2023-10-14 00:00:00: Kyle Woodward
2023-10-09 10:07:40,067 - RPESChickens - INFO - No entries to be updated.
2023-10-12 03:31:18,622 - RPESChickens - INFO - No entries to be deleted.
2023-10-12 03:31:18,626 - RPESChickens - INFO - No entries to be inserted.
2023-10-12 03:31:18,629 - RPESChickens - INFO - No entries to be updated.
2023-10-13 03:31:17,818 - RPESChickens - INFO - No entries to be deleted.
2023-10-13 03:31:17,826 - RPESChickens - INFO - Inserting entries...
2023-10-13 03:31:17,830 - RPESChickens - INFO - * 2023-10-23 00:00:00: Kristine Hobe
2023-10-13 03:31:18,534 - RPESChickens - INFO - * 2023-10-21 00:00:00: Kristine Hobe
2023-10-13 03:31:19,043 - RPESChickens - INFO - * 2023-10-13 00:00:00: Kristine Hobe
2023-10-13 03:31:19,575 - RPESChickens - INFO - * 2023-10-16 00:00:00: Kristine Hobe
2023-10-13 03:31:22,130 - RPESChickens - INFO - No entries to be updated.
2023-10-14 03:31:14,163 - RPESChickens - INFO - No entries to be deleted.
2023-10-14 03:31:14,170 - RPESChickens - INFO - No entries to be inserted.
2023-10-14 03:31:14,172 - RPESChickens - INFO - No entries to be updated.
2023-10-15 03:31:18,755 - RPESChickens - INFO - No entries to be deleted.
2023-10-15 03:31:18,764 - RPESChickens - INFO - Inserting entries...
2023-10-15 03:31:18,767 - RPESChickens - INFO - * 2023-10-19 00:00:00: Luci Gilbert
2023-10-15 03:31:19,246 - RPESChickens - INFO - No entries to be updated.
2023-10-22 14:11:57,932 - RPESChickens - INFO - Deleting entries...
2023-10-22 14:11:57,939 - RPESChickens - INFO - * 2023-10-01 00:00:00+00:00: Sarah Shectman
2023-10-22 14:11:58,579 - RPESChickens - INFO - * 2023-10-02 00:00:00+00:00: Stefanie Thompson-Hagiwara
2023-10-22 14:11:58,960 - RPESChickens - INFO - * 2023-10-03 00:00:00+00:00: Sarah Shectman
2023-10-22 14:11:59,425 - RPESChickens - INFO - * 2023-10-04 00:00:00+00:00: Micah Rice
2023-10-22 14:12:00,110 - RPESChickens - INFO - * 2023-10-05 00:00:00+00:00: Micah Rice
2023-10-22 14:12:00,563 - RPESChickens - INFO - * 2023-10-08 00:00:00+00:00: Brian Purchia
2023-10-22 14:12:01,256 - RPESChickens - INFO - * 2023-10-09 00:00:00+00:00: Kyle Woodward
2023-10-22 14:12:01,800 - RPESChickens - INFO - * 2023-10-10 00:00:00+00:00: Sarah Shectman
2023-10-22 14:12:02,206 - RPESChickens - INFO - * 2023-10-11 00:00:00+00:00: Micah Rice
2023-10-22 14:12:02,603 - RPESChickens - INFO - * 2023-10-12 00:00:00+00:00: Micah Rice
2023-10-22 14:12:03,066 - RPESChickens - INFO - * 2023-10-13 00:00:00+00:00: Kristine Hobe
2023-10-22 14:12:03,627 - RPESChickens - INFO - * 2023-10-14 00:00:00+00:00: Kyle Woodward
2023-10-22 14:12:04,056 - RPESChickens - INFO - * 2023-10-15 00:00:00+00:00: Brian Purchia
2023-10-22 14:12:04,516 - RPESChickens - INFO - * 2023-10-16 00:00:00+00:00: Kristine Hobe
2023-10-22 14:12:05,001 - RPESChickens - INFO - * 2023-10-17 00:00:00+00:00: Sarah Shectman
2023-10-22 14:12:05,477 - RPESChickens - INFO - * 2023-10-18 00:00:00+00:00: Grace Woo
2023-10-22 14:12:05,959 - RPESChickens - INFO - * 2023-10-19 00:00:00+00:00: Luci Gilbert
2023-10-22 14:12:06,499 - RPESChickens - INFO - * 2023-10-20 00:00:00+00:00: Grace Woo
2023-10-22 14:12:07,055 - RPESChickens - INFO - * 2023-10-21 00:00:00+00:00: Kristine Hobe
2023-10-22 14:12:07,725 - RPESChickens - INFO - * 2023-10-22 00:00:00+00:00: Brian Purchia
2023-10-22 14:12:08,408 - RPESChickens - INFO - * 2023-10-23 00:00:00+00:00: Kristine Hobe
2023-10-22 14:12:09,064 - RPESChickens - INFO - * 2023-10-24 00:00:00+00:00: Sarah Shectman
2023-10-22 14:12:09,531 - RPESChickens - INFO - * 2023-10-29 00:00:00+00:00: Brian Purchia
2023-10-22 14:12:09,948 - RPESChickens - INFO - * 2023-10-31 00:00:00+00:00: Sarah Shectman
2023-10-22 14:12:10,377 - RPESChickens - INFO - Inserting entries...
2023-10-22 14:12:10,381 - RPESChickens - INFO - * 2023-10-15 04:00:00+00:00: Brian Purchia
2023-10-22 14:12:10,906 - RPESChickens - INFO - * 2023-10-05 04:00:00+00:00: Micah Rice
2023-10-22 14:12:11,660 - RPESChickens - INFO - * 2023-10-21 04:00:00+00:00: Kristine Hobe
2023-10-22 14:12:12,167 - RPESChickens - INFO - * 2023-10-09 04:00:00+00:00: Kyle Woodward
2023-10-22 14:12:12,679 - RPESChickens - INFO - * 2023-10-01 04:00:00+00:00: Sarah Shectman
2023-10-22 14:12:13,191 - RPESChickens - INFO - * 2023-11-02 04:00:00+00:00: Micah Rice
2023-10-22 14:12:13,829 - RPESChickens - INFO - * 2023-10-18 04:00:00+00:00: Grace Woo
2023-10-22 14:12:14,412 - RPESChickens - INFO - * 2023-10-13 04:00:00+00:00: Kristine Hobe
2023-10-22 14:12:15,148 - RPESChickens - INFO - * 2023-10-17 04:00:00+00:00: Sarah Shectman
2023-10-22 14:12:15,689 - RPESChickens - INFO - * 2023-10-24 04:00:00+00:00: Sarah Shectman
2023-10-22 14:12:16,416 - RPESChickens - INFO - * 2023-10-08 04:00:00+00:00: Brian Purchia
2023-10-22 14:12:17,196 - RPESChickens - INFO - * 2023-10-16 04:00:00+00:00: Kristine Hobe
2023-10-22 14:12:17,695 - RPESChickens - INFO - * 2023-10-27 04:00:00+00:00: Grace Woo
2023-10-22 14:12:18,347 - RPESChickens - INFO - * 2023-11-16 05:00:00+00:00: Micah Rice
2023-10-22 14:12:18,950 - RPESChickens - INFO - * 2023-11-15 05:00:00+00:00: Micah Rice
2023-10-22 14:12:19,547 - RPESChickens - INFO - * 2023-11-08 05:00:00+00:00: Micah Rice
2023-10-22 14:12:20,059 - RPESChickens - INFO - * 2023-11-03 04:00:00+00:00: Grace Woo
2023-10-22 14:12:20,647 - RPESChickens - INFO - * 2023-10-04 04:00:00+00:00: Micah Rice
2023-10-22 14:12:21,303 - RPESChickens - INFO - * 2023-10-14 04:00:00+00:00: Kyle Woodward
2023-10-22 14:12:21,821 - RPESChickens - INFO - * 2023-10-29 04:00:00+00:00: Brian Purchia
2023-10-22 14:12:22,404 - RPESChickens - INFO - * 2023-10-11 04:00:00+00:00: Micah Rice
2023-10-22 14:12:22,959 - RPESChickens - INFO - * 2023-10-26 04:00:00+00:00: Micah Rice
2023-10-22 14:12:23,685 - RPESChickens - INFO - * 2023-10-10 04:00:00+00:00: Sarah Shectman
2023-10-22 14:12:24,440 - RPESChickens - INFO - * 2023-10-23 04:00:00+00:00: Kristine Hobe
2023-10-22 14:12:25,240 - RPESChickens - INFO - * 2023-10-12 04:00:00+00:00: Micah Rice
2023-10-22 14:12:25,883 - RPESChickens - INFO - * 2023-10-02 04:00:00+00:00: Stefanie Thompson-Hagiwara
2023-10-22 14:12:26,525 - RPESChickens - INFO - * 2023-10-03 04:00:00+00:00: Sarah Shectman
2023-10-22 14:12:27,026 - RPESChickens - INFO - * 2023-11-10 05:00:00+00:00: Grace Woo
2023-10-22 14:12:27,653 - RPESChickens - INFO - * 2023-11-09 05:00:00+00:00: Micah Rice
2023-10-22 14:12:28,224 - RPESChickens - INFO - * 2023-10-20 04:00:00+00:00: Grace Woo
2023-10-22 14:12:28,926 - RPESChickens - INFO - * 2023-10-25 04:00:00+00:00: Micah Rice
2023-10-22 14:12:29,668 - RPESChickens - INFO - * 2023-10-31 04:00:00+00:00: Sarah Shectman
2023-10-22 14:12:30,337 - RPESChickens - INFO - * 2023-10-19 04:00:00+00:00: Luci Gilbert
2023-10-22 14:12:30,808 - RPESChickens - INFO - * 2023-11-01 04:00:00+00:00: Micah Rice
2023-10-22 14:12:31,573 - RPESChickens - INFO - No entries to be updated.
2023-10-22 14:14:34,695 - RPESChickens - INFO - No entries to be deleted.
2023-10-22 14:14:34,698 - RPESChickens - INFO - No entries to be inserted.
2023-10-22 14:14:34,705 - RPESChickens - INFO - No entries to be updated.
2023-10-22 14:20:55,598 - RPESChickens - INFO - No entries to be deleted.
2023-10-22 14:20:55,598 - RPESChickens - INFO - No entries to be deleted.
2023-10-22 14:20:55,606 - RPESChickens - INFO - No entries to be inserted.
2023-10-22 14:20:55,606 - RPESChickens - INFO - No entries to be inserted.
2023-10-22 14:20:55,612 - RPESChickens - INFO - No entries to be updated.
2023-10-22 14:20:55,612 - RPESChickens - INFO - No entries to be updated.
2023-10-22 14:21:38,839 - RPESChickens - INFO - No entries to be deleted.
2023-10-22 14:21:38,844 - RPESChickens - INFO - No entries to be inserted.
2023-10-22 14:21:38,847 - RPESChickens - INFO - No entries to be updated.
2023-10-23 03:29:18,932 - RPESChickens - INFO - No entries to be deleted.
2023-10-23 03:29:18,937 - RPESChickens - INFO - No entries to be inserted.
2023-10-23 03:29:18,941 - RPESChickens - INFO - No entries to be updated.
2023-10-24 03:29:15,021 - RPESChickens - INFO - No entries to be deleted.
2023-10-24 03:29:15,025 - RPESChickens - INFO - No entries to be inserted.
2023-10-24 03:29:15,028 - RPESChickens - INFO - No entries to be updated.
2023-10-28 03:29:22,703 - RPESChickens - INFO - No entries to be deleted.
2023-10-28 03:29:22,710 - RPESChickens - INFO - Inserting entries...
2023-10-28 03:29:22,712 - RPESChickens - INFO - * 2023-12-26: Sarah Shectman
2023-10-29 06:07:25,600 - RPESChickens - INFO - No entries to be deleted.
2023-10-29 06:07:25,602 - RPESChickens - INFO - Inserting entries...
2023-10-29 06:07:25,602 - RPESChickens - INFO - * 2023-12-26: Sarah Shectman
2023-10-29 11:54:51,309 - RPESChickens - INFO - No entries to be deleted.
2023-10-29 11:54:51,316 - RPESChickens - INFO - Inserting entries...
2023-10-29 11:54:51,319 - RPESChickens - INFO - * 2023-12-26: Sarah Shectman
2023-10-29 11:55:59,139 - RPESChickens - INFO - No entries to be deleted.
2023-10-29 11:55:59,139 - RPESChickens - INFO - No entries to be deleted.
2023-10-29 11:55:59,141 - RPESChickens - INFO - Inserting entries...
2023-10-29 11:55:59,141 - RPESChickens - INFO - Inserting entries...
2023-10-29 11:55:59,146 - RPESChickens - INFO - * 2023-12-26: Sarah Shectman
2023-10-29 11:55:59,146 - RPESChickens - INFO - * 2023-12-26: Sarah Shectman
2023-10-29 11:55:59,709 - RPESChickens - INFO - * 2023-12-05: Sarah Shectman
2023-10-29 11:55:59,709 - RPESChickens - INFO - * 2023-12-05: Sarah Shectman
2023-10-29 11:56:00,376 - RPESChickens - INFO - * 2023-12-19: Sarah Shectman
2023-10-29 11:56:00,376 - RPESChickens - INFO - * 2023-12-19: Sarah Shectman
2023-10-29 11:56:01,214 - RPESChickens - INFO - * 2023-11-28: Sarah Shectman
2023-10-29 11:56:01,214 - RPESChickens - INFO - * 2023-11-28: Sarah Shectman
2023-10-29 11:56:02,006 - RPESChickens - INFO - * 2023-12-12: Sarah Shectman
2023-10-29 11:56:02,006 - RPESChickens - INFO - * 2023-12-12: Sarah Shectman
2023-10-29 11:56:02,574 - RPESChickens - INFO - * 2023-10-28: Sarah Shectman
2023-10-29 11:56:02,574 - RPESChickens - INFO - * 2023-10-28: Sarah Shectman
2023-10-29 11:56:03,328 - RPESChickens - INFO - * 2023-11-12: Sarah Shectman
2023-10-29 11:56:03,328 - RPESChickens - INFO - * 2023-11-12: Sarah Shectman
2023-10-29 11:56:03,859 - RPESChickens - INFO - * 2023-11-07: Sarah Shectman
2023-10-29 11:56:03,859 - RPESChickens - INFO - * 2023-11-07: Sarah Shectman
2023-10-29 11:56:04,528 - RPESChickens - INFO - * 2023-11-26: Sarah Shectman
2023-10-29 11:56:04,528 - RPESChickens - INFO - * 2023-11-26: Sarah Shectman
2023-10-29 11:56:05,097 - RPESChickens - INFO - * 2023-11-14: Sarah Shectman
2023-10-29 11:56:05,097 - RPESChickens - INFO - * 2023-11-14: Sarah Shectman
2023-10-29 11:56:05,684 - RPESChickens - INFO - No entries to be updated.
2023-10-29 11:56:05,684 - RPESChickens - INFO - No entries to be updated.
2023-10-29 11:57:20,703 - RPESChickens - INFO - No entries to be deleted.
2023-10-29 11:57:20,703 - RPESChickens - INFO - No entries to be deleted.
2023-10-29 11:57:20,703 - RPESChickens - INFO - No entries to be deleted.
2023-10-29 11:57:20,708 - RPESChickens - INFO - No entries to be inserted.
2023-10-29 11:57:20,708 - RPESChickens - INFO - No entries to be inserted.
2023-10-29 11:57:20,708 - RPESChickens - INFO - No entries to be inserted.
2023-10-29 11:57:20,719 - RPESChickens - INFO - No entries to be updated.
2023-10-29 11:57:20,719 - RPESChickens - INFO - No entries to be updated.
2023-10-29 11:57:20,719 - RPESChickens - INFO - No entries to be updated.
2023-10-29 16:40:19,300 - RPESChickens - INFO - No entries to be deleted.
2023-10-29 16:40:19,312 - RPESChickens - INFO - No entries to be inserted.
2023-10-29 16:40:19,319 - RPESChickens - INFO - No entries to be updated.
2023-10-29 16:41:58,316 - RPESChickens - INFO - No entries to be deleted.
2023-10-29 16:41:58,316 - RPESChickens - INFO - No entries to be deleted.
2023-10-29 16:41:58,316 - RPESChickens - INFO - No entries to be deleted.
2023-10-29 16:41:58,316 - RPESChickens - INFO - No entries to be deleted.
2023-10-29 16:41:58,332 - RPESChickens - INFO - No entries to be inserted.
2023-10-29 16:41:58,332 - RPESChickens - INFO - No entries to be inserted.
2023-10-29 16:41:58,332 - RPESChickens - INFO - No entries to be inserted.
2023-10-29 16:41:58,332 - RPESChickens - INFO - No entries to be inserted.
2023-10-29 16:41:58,349 - RPESChickens - INFO - No entries to be updated.
2023-10-29 16:41:58,349 - RPESChickens - INFO - No entries to be updated.
2023-10-29 16:41:58,349 - RPESChickens - INFO - No entries to be updated.
2023-10-29 16:41:58,349 - RPESChickens - INFO - No entries to be updated.
2023-11-15 00:25:21,757 - RPESChickens - INFO - No entries to be deleted.
2023-11-15 00:25:21,761 - RPESChickens - INFO - Inserting entries...
2023-11-15 00:25:21,762 - RPESChickens - INFO - * 2023-11-23: Micah Rice
2023-11-15 00:25:22,314 - RPESChickens - INFO - * 2023-12-03: Brian Purchia
2023-11-15 00:25:22,966 - RPESChickens - INFO - * 2023-11-05: Kyle Woodward
2023-11-15 00:25:23,722 - RPESChickens - INFO - * 2023-11-04: Kyle Woodward
2023-11-15 00:25:24,495 - RPESChickens - INFO - * 2023-12-13: Micah Rice
2023-11-15 00:25:25,326 - RPESChickens - INFO - * 2023-12-10: Brian Purchia
2023-11-15 00:25:26,039 - RPESChickens - INFO - * 2023-11-30: Micah Rice
2023-11-15 00:25:26,808 - RPESChickens - INFO - * 2023-12-06: Micah Rice
2023-11-15 00:25:27,492 - RPESChickens - INFO - * 2023-11-11: Brian Purchia
2023-11-15 00:25:28,040 - RPESChickens - INFO - * 2023-12-17: Brian Purchia
2023-11-15 00:25:28,860 - RPESChickens - INFO - * 2023-12-24: Brian Purchia
2023-11-15 00:25:29,440 - RPESChickens - INFO - * 2023-11-22: Micah Rice
2023-11-15 00:25:30,072 - RPESChickens - INFO - * 2023-11-20: Micah Rice
2023-11-15 00:25:30,585 - RPESChickens - INFO - * 2023-11-29: Micah Rice
2023-11-15 00:25:31,379 - RPESChickens - INFO - * 2023-11-19: Micah Rice
2023-11-15 00:25:32,018 - RPESChickens - INFO - * 2023-12-14: Micah Rice
2023-11-15 00:25:32,775 - RPESChickens - INFO - * 2023-12-07: Micah Rice
2023-11-15 00:25:33,315 - RPESChickens - INFO - No entries to be updated.
2023-11-15 00:26:23,549 - RPESChickens - INFO - No entries to be deleted.
2023-11-15 00:26:23,552 - RPESChickens - INFO - No entries to be inserted.
2023-11-15 00:26:23,554 - RPESChickens - INFO - No entries to be updated.
2023-11-16 09:05:10,724 - RPESChickens - INFO - No entries to be deleted.
2023-11-16 09:05:10,726 - RPESChickens - INFO - Inserting entries...
2023-11-16 09:05:10,727 - RPESChickens - INFO - * 2023-12-01: Grace Woo
2023-11-16 09:05:11,306 - RPESChickens - INFO - No entries to be updated.
2023-11-17 09:00:18,820 - RPESChickens - INFO - No entries to be deleted.
2023-11-17 09:00:18,822 - RPESChickens - INFO - No entries to be inserted.
2023-11-17 09:00:18,823 - RPESChickens - INFO - No entries to be updated.
2023-11-18 08:28:52,200 - RPESChickens - INFO - No entries to be deleted.
2023-11-18 08:28:52,202 - RPESChickens - INFO - Inserting entries...
2023-11-18 08:28:52,202 - RPESChickens - INFO - * 2023-11-17: Kristine Hobe
2023-11-18 08:28:52,783 - RPESChickens - INFO - No entries to be updated.
2023-11-19 10:29:15,573 - RPESChickens - INFO - No entries to be deleted.
2023-11-19 10:29:15,575 - RPESChickens - INFO - No entries to be inserted.
2023-11-19 10:29:15,577 - RPESChickens - INFO - No entries to be updated.
2023-11-20 09:02:15,046 - RPESChickens - INFO - No entries to be deleted.
2023-11-20 09:02:15,048 - RPESChickens - INFO - Inserting entries...
2023-11-20 09:02:15,049 - RPESChickens - INFO - * 2023-11-25: Kyle Woodward
2023-11-20 09:02:15,796 - RPESChickens - INFO - * 2023-11-24: Kyle Woodward
2023-11-20 09:02:16,305 - RPESChickens - INFO - No entries to be updated.
2023-11-26 09:43:52,540 - RPESChickens - INFO - No entries to be deleted.
2023-11-26 09:43:52,542 - RPESChickens - INFO - No entries to be inserted.
2023-11-26 09:43:52,545 - RPESChickens - INFO - No entries to be updated.
2023-11-27 09:08:38,768 - RPESChickens - INFO - No entries to be deleted.
2023-11-27 09:08:38,772 - RPESChickens - INFO - No entries to be inserted.
2023-11-27 09:08:38,777 - RPESChickens - INFO - No entries to be updated.
2023-11-28 05:02:20,684 - RPESChickens - INFO - No entries to be deleted.
2023-11-28 05:02:20,686 - RPESChickens - INFO - No entries to be inserted.
2023-11-28 05:02:20,689 - RPESChickens - INFO - No entries to be updated.
2023-11-29 09:09:21,789 - RPESChickens - INFO - No entries to be deleted.
2023-11-29 09:09:21,792 - RPESChickens - INFO - No entries to be inserted.
2023-11-29 09:09:21,796 - RPESChickens - INFO - No entries to be updated.
2023-11-30 09:10:55,985 - RPESChickens - INFO - No entries to be deleted.
2023-11-30 09:10:55,987 - RPESChickens - INFO - No entries to be inserted.
2023-11-30 09:10:55,989 - RPESChickens - INFO - No entries to be updated.
2023-12-03 08:00:49,963 - RPESChickens - INFO - Deleting entries...
2023-12-03 08:00:49,966 - RPESChickens - INFO - * 2023-11-30: Micah Rice
2023-12-03 08:00:50,639 - RPESChickens - INFO - * 2023-12-05: Sarah Shectman
2023-12-03 08:00:51,345 - RPESChickens - INFO - No entries to be inserted.
2023-12-03 08:00:51,350 - RPESChickens - INFO - No entries to be updated.
2023-12-04 09:37:52,804 - RPESChickens - INFO - No entries to be deleted.
2023-12-04 09:37:52,808 - RPESChickens - INFO - No entries to be inserted.
2023-12-04 09:37:52,813 - RPESChickens - INFO - No entries to be updated.
2023-12-05 07:38:55,824 - RPESChickens - INFO - No entries to be deleted.
2023-12-05 07:38:55,834 - RPESChickens - INFO - No entries to be inserted.
2023-12-05 07:38:55,841 - RPESChickens - INFO - No entries to be updated.
2023-12-10 14:32:25,289 - RPESChickens - INFO - No entries to be deleted.
2023-12-10 14:32:25,294 - RPESChickens - INFO - Inserting entries...
2023-12-10 14:32:25,297 - RPESChickens - INFO - * 2023-12-08: Micah Rice
2023-12-10 14:32:26,073 - RPESChickens - INFO - * 2023-12-09: Kyle Woodward
2023-12-10 14:32:26,896 - RPESChickens - INFO - * 2024-01-03: Micah Rice
2023-12-10 14:32:27,470 - RPESChickens - INFO - * 2024-01-04: Micah Rice
2023-12-10 14:32:28,239 - RPESChickens - INFO - * 2024-01-01: Micah Rice
2023-12-10 14:32:28,877 - RPESChickens - INFO - No entries to be updated.
2023-12-11 08:16:47,747 - RPESChickens - INFO - No entries to be deleted.
2023-12-11 08:16:47,751 - RPESChickens - INFO - No entries to be inserted.
2023-12-11 08:16:47,753 - RPESChickens - INFO - No entries to be updated.
2023-12-12 10:33:00,658 - RPESChickens - INFO - No entries to be deleted.
2023-12-12 10:33:00,661 - RPESChickens - INFO - No entries to be inserted.
2023-12-12 10:33:00,664 - RPESChickens - INFO - No entries to be updated.
2023-12-13 06:12:36,955 - RPESChickens - INFO - No entries to be deleted.
2023-12-13 06:12:36,959 - RPESChickens - INFO - No entries to be inserted.
2023-12-13 06:12:36,963 - RPESChickens - INFO - No entries to be updated.
2023-12-15 08:49:11,653 - RPESChickens - INFO - No entries to be deleted.
2023-12-15 08:49:11,653 - RPESChickens - INFO - No entries to be inserted.
2023-12-15 08:49:11,668 - RPESChickens - INFO - No entries to be updated.
2023-12-16 07:54:28,770 - RPESChickens - INFO - No entries to be deleted.
2023-12-16 07:54:28,770 - RPESChickens - INFO - No entries to be inserted.
2023-12-16 07:54:28,770 - RPESChickens - INFO - No entries to be updated.
2023-12-17 07:52:44,879 - RPESChickens - INFO - No entries to be deleted.
2023-12-17 07:52:44,880 - RPESChickens - INFO - No entries to be inserted.
2023-12-17 07:52:44,880 - RPESChickens - INFO - No entries to be updated.
2023-12-18 08:49:21,617 - RPESChickens - INFO - No entries to be deleted.
2023-12-18 08:49:21,617 - RPESChickens - INFO - Inserting entries...
2023-12-18 08:49:21,624 - RPESChickens - INFO - * 2023-12-18: Kyle Woodward
2023-12-18 08:49:22,247 - RPESChickens - INFO - * 2023-12-20: Kyle Woodward
2023-12-18 08:49:22,973 - RPESChickens - INFO - No entries to be updated.
2023-12-19 08:48:56,083 - RPESChickens - INFO - No entries to be deleted.
2023-12-19 08:48:56,083 - RPESChickens - INFO - Inserting entries...
2023-12-19 08:48:56,083 - RPESChickens - INFO - * 2023-12-21: Micah Rice
2023-12-19 08:48:56,911 - RPESChickens - INFO - * 2023-12-30: Grace Woo
2023-12-19 08:48:57,554 - RPESChickens - INFO - * 2023-12-22: Micah Rice
2023-12-19 08:48:58,077 - RPESChickens - INFO - * 2023-12-31: Grace Woo
2023-12-19 08:48:58,670 - RPESChickens - INFO - No entries to be updated.
2023-12-20 06:56:22,298 - RPESChickens - INFO - No entries to be deleted.
2023-12-20 06:56:22,298 - RPESChickens - INFO - Inserting entries...
2023-12-20 06:56:22,314 - RPESChickens - INFO - * 2024-01-06: Sarah Shectman
2023-12-20 06:56:23,118 - RPESChickens - INFO - * 2023-12-23: Sarah Shectman
2023-12-20 06:56:23,877 - RPESChickens - INFO - * 2023-12-28: Sarah Shectman
2023-12-20 06:56:24,415 - RPESChickens - INFO - No entries to be updated.
2023-12-23 09:17:39,163 - RPESChickens - INFO - No entries to be deleted.
2023-12-23 09:17:39,172 - RPESChickens - INFO - Inserting entries...
2023-12-23 09:17:39,175 - RPESChickens - INFO - * 2023-12-25: Kristine Hobe
2023-12-23 09:17:39,730 - RPESChickens - INFO - * 2023-12-27: Kristine Hobe
2023-12-23 09:17:40,414 - RPESChickens - INFO - * 2024-01-22: Kristine Hobe
2023-12-23 09:17:40,952 - RPESChickens - INFO - * 2024-01-05: Kristine Hobe
2023-12-23 09:17:41,362 - RPESChickens - INFO - * 2023-12-29: Kristine Hobe
2023-12-23 09:17:41,846 - RPESChickens - INFO - * 2024-01-19: Kristine Hobe
2023-12-23 09:17:42,325 - RPESChickens - INFO - * 2024-01-07: Kristine Hobe
2023-12-23 09:17:42,870 - RPESChickens - INFO - * 2024-01-26: Kristine Hobe
2023-12-23 09:17:43,367 - RPESChickens - INFO - * 2024-01-12: Kristine Hobe
2023-12-23 09:17:43,850 - RPESChickens - INFO - * 2024-01-29: Kristine Hobe
2023-12-23 09:17:44,514 - RPESChickens - INFO - * 2024-01-08: Kristine Hobe
2023-12-23 09:17:45,003 - RPESChickens - INFO - No entries to be updated.
